#
# There is insufficient memory for the Java Runtime Environment to continue.
# Native memory allocation (mmap) failed to map 125829120 bytes for G1 virtual space
# Possible reasons:
#   The system is out of physical RAM or swap space
#   The process is running with CompressedOops enabled, and the Java Heap may be blocking the growth of the native heap
# Possible solutions:
#   Reduce memory load on the system
#   Increase physical memory or swap space
#   Check if swap backing store is full
#   Decrease Java heap size (-Xmx/-Xms)
#   Decrease number of Java threads
#   Decrease Java thread stack sizes (-Xss)
#   Set larger code cache with -XX:ReservedCodeCacheSize=
#   JVM is running with Unscaled Compressed Oops mode in which the Java heap is
#     placed in the first 4GB address space. The Java Heap base address is the
#     maximum limit for the native heap growth. Please use -XX:HeapBaseMinAddress
#     to set the Java Heap base and to place the Java Heap above 4GB virtual address.
# This output file may be truncated or incomplete.
#
#  Out of Memory Error (os_windows.cpp:3528), pid=14092, tid=11292
#
# JRE version:  (20.0.2+9) (build )
# Java VM: OpenJDK 64-Bit Server VM (20.0.2+9, mixed mode, sharing, tiered, compressed oops, compressed class ptrs, g1 gc, windows-amd64)
# No core dump will be written. Minidumps are not enabled by default on client versions of Windows
#

---------------  S U M M A R Y ------------

Command Line: -Dfile.encoding=UTF-8 -Dstdout.encoding=UTF-8 -Dstderr.encoding=UTF-8 -XX:+ShowCodeDetailsInExceptionMessages ticketreservation.clientapp.TicketReservationApp

Host: Intel(R) Core(TM) i5-7300U CPU @ 2.60GHz, 4 cores, 7G,  Windows 10 , 64 bit Build 19041 (10.0.19041.5198)
Time: Thu Dec 19 12:19:45 2024 India Standard Time elapsed time: 0.034879 seconds (0d 0h 0m 0s)

---------------  T H R E A D  ---------------

Current thread (0x0000020d8ffb10f0):  JavaThread "Unknown thread" [_thread_in_vm, id=11292, stack(0x0000007b51100000,0x0000007b51200000)]

Stack: [0x0000007b51100000,0x0000007b51200000]
Native frames: (J=compiled Java code, j=interpreted, Vv=VM code, C=native code)
V  [jvm.dll+0x6c4a1a]
V  [jvm.dll+0x8a341c]
V  [jvm.dll+0x8a5025]
V  [jvm.dll+0x8a5723]
V  [jvm.dll+0x284aff]
V  [jvm.dll+0x6c1799]
V  [jvm.dll+0x6b627a]
V  [jvm.dll+0x360e2d]
V  [jvm.dll+0x368fa6]
V  [jvm.dll+0x3b9f0e]
V  [jvm.dll+0x3ba185]
V  [jvm.dll+0x33142a]
V  [jvm.dll+0x33223b]
V  [jvm.dll+0x86bd0f]
V  [jvm.dll+0x3c7191]
V  [jvm.dll+0x857a96]
V  [jvm.dll+0x452b9f]
V  [jvm.dll+0x454681]
C  [jli.dll+0x528f]
C  [ucrtbase.dll+0x21bb2]
C  [KERNEL32.DLL+0x17374]
C  [ntdll.dll+0x4cc91]


---------------  P R O C E S S  ---------------

Threads class SMR info:
_java_thread_list=0x00007ff8cc68a5d8, length=0, elements={
}

Java Threads: ( => current thread )

Other Threads:
  0x0000020d9000cf20 WorkerThread "GC Thread#0" [stack: 0x0000007b51200000,0x0000007b51300000] [id=12192]
  0x0000020d9001cb70 ConcurrentGCThread "G1 Main Marker" [stack: 0x0000007b51300000,0x0000007b51400000] [id=12676]
  0x0000020d9001d5a0 WorkerThread "G1 Conc#0" [stack: 0x0000007b51400000,0x0000007b51500000] [id=2524]

[error occurred during error reporting (printing all threads), id 0xc0000005, EXCEPTION_ACCESS_VIOLATION (0xc0000005) at pc=0x00007ff8cbe04a07]
VM state: not at safepoint (not fully initialized)

VM Mutex/Monitor currently owned by a thread:  ([mutex/lock_event])
[0x0000020d8ffad570] Heap_lock - owner thread: 0x0000020d8ffb10f0

Heap address: 0x0000000089600000, size: 1898 MB, Compressed Oops mode: 32-bit

CDS archive(s) mapped at: [0x0000000000000000-0x0000000000000000-0x0000000000000000), size 0, SharedBaseAddress: 0x0000000800000000, ArchiveRelocationMode: 1.
Narrow klass base: 0x0000000000000000, Narrow klass shift: 0, Narrow klass range: 0x0

GC Precious Log:
 CardTable entry size: 512
 Card Set container configuration: InlinePtr #cards 5 size 8 Array Of Cards #cards 12 size 40 Howl #buckets 4 coarsen threshold 1843 Howl Bitmap #cards 512 size 80 coarsen threshold 460 Card regions per heap region 1 cards per card region 2048

Heap:
 garbage-first heap   total 0K, used 0K [0x0000000089600000, 0x0000000100000000)
  region size 1024K, 0 young (0K), 0 survivors (0K)

[error occurred during error reporting (printing heap information), id 0xc0000005, EXCEPTION_ACCESS_VIOLATION (0xc0000005) at pc=0x00007ff8cc1dde19]
GC Heap History (0 events):
No events

Dll operation events (1 events):
Event: 0.020 Loaded shared library C:\Users\admin\.p2\pool\plugins\org.eclipse.justj.openjdk.hotspot.jre.full.win32.x86_64_20.0.2.v20230801-2057\jre\bin\java.dll

Deoptimization events (0 events):
No events

Classes loaded (0 events):
No events

Classes unloaded (0 events):
No events

Classes redefined (0 events):
No events

Internal exceptions (0 events):
No events

VM Operations (0 events):
No events

Events (0 events):
No events


Dynamic libraries:
0x00007ff621d00000 - 0x00007ff621d0e000 	C:\Users\admin\.p2\pool\plugins\org.eclipse.justj.openjdk.hotspot.jre.full.win32.x86_64_20.0.2.v20230801-2057\jre\bin\javaw.exe
0x00007ff94a890000 - 0x00007ff94aa88000 	C:\Windows\SYSTEM32\ntdll.dll
0x00007ff948c70000 - 0x00007ff948d32000 	C:\Windows\System32\KERNEL32.DLL
0x00007ff948050000 - 0x00007ff94834e000 	C:\Windows\System32\KERNELBASE.dll
0x00007ff948700000 - 0x00007ff948800000 	C:\Windows\System32\ucrtbase.dll
0x00007ff931a60000 - 0x00007ff931a77000 	C:\Users\admin\.p2\pool\plugins\org.eclipse.justj.openjdk.hotspot.jre.full.win32.x86_64_20.0.2.v20230801-2057\jre\bin\jli.dll
0x00007ff94a280000 - 0x00007ff94a41d000 	C:\Windows\System32\USER32.dll
0x00007ff948880000 - 0x00007ff9488a2000 	C:\Windows\System32\win32u.dll
0x00007ff949280000 - 0x00007ff9492ab000 	C:\Windows\System32\GDI32.dll
0x00007ff948480000 - 0x00007ff948597000 	C:\Windows\System32\gdi32full.dll
0x00007ff9483e0000 - 0x00007ff94847d000 	C:\Windows\System32\msvcp_win.dll
0x00007ff92c680000 - 0x00007ff92c69b000 	C:\Users\admin\.p2\pool\plugins\org.eclipse.justj.openjdk.hotspot.jre.full.win32.x86_64_20.0.2.v20230801-2057\jre\bin\VCRUNTIME140.dll
0x00007ff923f40000 - 0x00007ff9241da000 	C:\Windows\WinSxS\amd64_microsoft.windows.common-controls_6595b64144ccf1df_6.0.19041.4355_none_60b8b9eb71f62e16\COMCTL32.dll
0x00007ff948db0000 - 0x00007ff948e4e000 	C:\Windows\System32\msvcrt.dll
0x00007ff94a250000 - 0x00007ff94a27f000 	C:\Windows\System32\IMM32.DLL
0x00007ff932ec0000 - 0x00007ff932ecc000 	C:\Users\admin\.p2\pool\plugins\org.eclipse.justj.openjdk.hotspot.jre.full.win32.x86_64_20.0.2.v20230801-2057\jre\bin\vcruntime140_1.dll
0x00007ff8fe190000 - 0x00007ff8fe21d000 	C:\Users\admin\.p2\pool\plugins\org.eclipse.justj.openjdk.hotspot.jre.full.win32.x86_64_20.0.2.v20230801-2057\jre\bin\msvcp140.dll
0x00007ff8cbac0000 - 0x00007ff8cc7cf000 	C:\Users\admin\.p2\pool\plugins\org.eclipse.justj.openjdk.hotspot.jre.full.win32.x86_64_20.0.2.v20230801-2057\jre\bin\server\jvm.dll
0x00007ff948bb0000 - 0x00007ff948c61000 	C:\Windows\System32\ADVAPI32.dll
0x00007ff948a50000 - 0x00007ff948aef000 	C:\Windows\System32\sechost.dll
0x00007ff948f20000 - 0x00007ff949043000 	C:\Windows\System32\RPCRT4.dll
0x00007ff948850000 - 0x00007ff948877000 	C:\Windows\System32\bcrypt.dll
0x00007ff924d70000 - 0x00007ff924d97000 	C:\Windows\SYSTEM32\WINMM.dll
0x00007ff93e010000 - 0x00007ff93e01a000 	C:\Windows\SYSTEM32\VERSION.dll
0x00007ff941ba0000 - 0x00007ff941ba9000 	C:\Windows\SYSTEM32\WSOCK32.dll
0x00007ff94a480000 - 0x00007ff94a4eb000 	C:\Windows\System32\WS2_32.dll
0x00007ff9467a0000 - 0x00007ff9467b2000 	C:\Windows\SYSTEM32\kernel.appcore.dll
0x00007ff930cf0000 - 0x00007ff930cfa000 	C:\Users\admin\.p2\pool\plugins\org.eclipse.justj.openjdk.hotspot.jre.full.win32.x86_64_20.0.2.v20230801-2057\jre\bin\jimage.dll
0x00007ff940770000 - 0x00007ff940954000 	C:\Windows\SYSTEM32\DBGHELP.DLL
0x00007ff932000000 - 0x00007ff932034000 	C:\Windows\SYSTEM32\dbgcore.DLL
0x00007ff948350000 - 0x00007ff9483d2000 	C:\Windows\System32\bcryptPrimitives.dll
0x00007ff927a60000 - 0x00007ff927a86000 	C:\Users\admin\.p2\pool\plugins\org.eclipse.justj.openjdk.hotspot.jre.full.win32.x86_64_20.0.2.v20230801-2057\jre\bin\java.dll

dbghelp: loaded successfully - version: 4.0.5 - missing functions: none
symbol engine: initialized successfully - sym options: 0x614 - pdb path: .;C:\Users\admin\.p2\pool\plugins\org.eclipse.justj.openjdk.hotspot.jre.full.win32.x86_64_20.0.2.v20230801-2057\jre\bin;C:\Windows\SYSTEM32;C:\Windows\WinSxS\amd64_microsoft.windows.common-controls_6595b64144ccf1df_6.0.19041.4355_none_60b8b9eb71f62e16;C:\Users\admin\.p2\pool\plugins\org.eclipse.justj.openjdk.hotspot.jre.full.win32.x86_64_20.0.2.v20230801-2057\jre\bin\server

VM Arguments:
jvm_args: -Dfile.encoding=UTF-8 -Dstdout.encoding=UTF-8 -Dstderr.encoding=UTF-8 -XX:+ShowCodeDetailsInExceptionMessages 
java_command: ticketreservation.clientapp.TicketReservationApp
java_class_path (initial): C:\Users\admin\eclipse-workspace\TicketReservationSystemForEvent\target\classes;C:\Users\admin\.m2\repository\mysql\mysql-connector-java\8.0.30\mysql-connector-java-8.0.30.jar;C:\Users\admin\.m2\repository\com\google\protobuf\protobuf-java\3.19.4\protobuf-java-3.19.4.jar;C:\Users\admin\.m2\repository\log4j\log4j\1.2.17\log4j-1.2.17.jar;C:\Users\admin\.m2\repository\org\projectlombok\lombok\1.18.34\lombok-1.18.34.jar
Launcher Type: SUN_STANDARD

[Global flags]
     intx CICompilerCount                          = 3                                         {product} {ergonomic}
     uint ConcGCThreads                            = 1                                         {product} {ergonomic}
     uint G1ConcRefinementThreads                  = 4                                         {product} {ergonomic}
   size_t G1HeapRegionSize                         = 1048576                                   {product} {ergonomic}
    uintx GCDrainStackTargetSize                   = 64                                        {product} {ergonomic}
   size_t InitialHeapSize                          = 125829120                                 {product} {ergonomic}
   size_t MarkStackSize                            = 4194304                                   {product} {ergonomic}
   size_t MaxHeapSize                              = 1990197248                                {product} {ergonomic}
   size_t MinHeapDeltaBytes                        = 1048576                                   {product} {ergonomic}
   size_t MinHeapSize                              = 8388608                                   {product} {ergonomic}
    uintx NonNMethodCodeHeapSize                   = 5832780                                {pd product} {ergonomic}
    uintx NonProfiledCodeHeapSize                  = 122912730                              {pd product} {ergonomic}
    uintx ProfiledCodeHeapSize                     = 122912730                              {pd product} {ergonomic}
    uintx ReservedCodeCacheSize                    = 251658240                              {pd product} {ergonomic}
     bool SegmentedCodeCache                       = true                                      {product} {ergonomic}
     bool ShowCodeDetailsInExceptionMessages       = true                                   {manageable} {command line}
   size_t SoftMaxHeapSize                          = 1990197248                             {manageable} {ergonomic}
     bool UseCompressedClassPointers               = true                           {product lp64_product} {ergonomic}
     bool UseCompressedOops                        = true                           {product lp64_product} {ergonomic}
     bool UseG1GC                                  = true                                      {product} {ergonomic}
     bool UseLargePagesIndividualAllocation        = false                                  {pd product} {ergonomic}

Logging:
Log output configuration:
 #0: stdout all=warning uptime,level,tags foldmultilines=false
 #1: stderr all=off uptime,level,tags foldmultilines=false

Environment Variables:
PATH=C:\Program Files\Python38\Scripts\;C:\Program Files\Python38\;C:\Program Files\Common Files\Oracle\Java\javapath;C:\Windows\system32;C:\Windows;C:\Windows\System32\Wbem;C:\Windows\System32\WindowsPowerShell\v1.0\;C:\Windows\System32\OpenSSH\;C:\MinGW\bin;C:\Program Files\MySQL\MySQL Server 8.0\bin;C:\Windows\IsmFiles;C:\Program Files\Java\jdk-18.0.2.1\lib;C:\Program Files\nodejs\;C:\Program Files\MySQL\MySQL Shell 8.0\bin\;C:\Users\admin\AppData\Local\Programs\Python\Python311\Scripts\;C:\Users\admin\AppData\Local\Programs\Python\Python311\;C:\Users\admin\AppData\Local\Microsoft\WindowsApps;C:\Users\admin\AppData\Local\Programs\Microsoft VS Code\bin;C:\Program Files\Java\jdk-18.0.2.1\bin;C:\Users\admin\AppData\Local\JetBrains\Toolbox\scripts;C:\Users\admin\AppData\Roaming\Python\Python38\Scripts;C:\Users\admin\AppData\Roaming\npm
USERNAME=admin
OS=Windows_NT
PROCESSOR_IDENTIFIER=Intel64 Family 6 Model 142 Stepping 9, GenuineIntel
TMP=C:\Users\admin\AppData\Local\Temp
TEMP=C:\Users\admin\AppData\Local\Temp




---------------  S Y S T E M  ---------------

OS:
 Windows 10 , 64 bit Build 19041 (10.0.19041.5198)
OS uptime: 0 days 3:35 hours

CPU: total 4 (initial active 4) (2 cores per cpu, 2 threads per core) family 6 model 142 stepping 9 microcode 0xca, cx8, cmov, fxsr, ht, mmx, 3dnowpref, sse, sse2, sse3, ssse3, sse4.1, sse4.2, popcnt, lzcnt, tsc, tscinvbit, avx, avx2, aes, erms, clmul, bmi1, bmi2, rtm, adx, fma, vzeroupper, clflush, clflushopt, rdtscp, f16c

Memory: 4k page, system-wide physical 7587M (1557M free)
TotalPageFile size 12376M (AvailPageFile size 69M)
current process WorkingSet (physical memory assigned to process): 10M, peak: 10M
current process commit charge ("private bytes"): 51M, peak: 171M

vm_info: OpenJDK 64-Bit Server VM (20.0.2+9) for windows-amd64 JRE (20.0.2+9), built on 2023-07-18T00:00:00Z by "admin" with MS VC++ 16.10 / 16.11 (VS2019)

END.
